19:17:56.136 [Test worker] INFO  manager.ApplicationManager - All tests run in Chrome
19:17:58.577 [Test worker] INFO  manager.ApplicationManager - The link--->https://telranedu.web.app/home
19:17:58.654 [Test worker] INFO  tests.TestBase - Name of methodregistrationWrongPassword
19:17:58.659 [Test worker] INFO  manager.ListenerWD - Before FindElementS --- By.xpath: //button[text()='Sign Out']
19:18:03.699 [Test worker] INFO  manager.ListenerWD - After FindElement---By.xpath: //button[text()='Sign Out']
19:18:03.704 [Test worker] INFO  manager.ListenerWD - List of elements 0
19:18:03.718 [Test worker] INFO  tests.TestBase - Tests run with data: --->User{, email='pop@gmail.com', password='pop12345$'}
19:18:03.719 [Test worker] INFO  manager.ListenerWD - Before FindElement --- By.cssSelector: a[href='/login']
19:18:03.765 [Test worker] INFO  manager.ListenerWD - After FindElement---By.cssSelector: a[href='/login']
19:18:03.781 [Test worker] INFO  manager.ListenerWD - Location of element---(1426, 34)
19:18:03.884 [Test worker] INFO  manager.ListenerWD - Before FindElement --- By.name: email
19:18:03.940 [Test worker] INFO  manager.ListenerWD - After FindElement---By.name: email
19:18:03.963 [Test worker] INFO  manager.ListenerWD - Location of element---(568, 250)
19:18:04.252 [Test worker] INFO  manager.ListenerWD - Before FindElement --- By.xpath: //input[last()]
19:18:04.297 [Test worker] INFO  manager.ListenerWD - After FindElement---By.xpath: //input[last()]
19:18:04.314 [Test worker] INFO  manager.ListenerWD - Location of element---(568, 320)
19:18:04.571 [Test worker] INFO  manager.ListenerWD - Before FindElement --- By.xpath: //button[text()='Registration']
19:18:04.615 [Test worker] INFO  manager.ListenerWD - After FindElement---By.xpath: //button[text()='Registration']
19:18:04.632 [Test worker] INFO  manager.ListenerWD - Location of element---(818, 390)
19:18:04.749 [Test worker] INFO  manager.ListenerWD - Huston, we have a problem
19:18:04.750 [Test worker] INFO  manager.ListenerWD - Object target---org.openqa.selenium.remote.RemoteWebDriver$RemoteTargetLocator@713ec32d
19:18:04.751 [Test worker] INFO  manager.ListenerWD - **********
19:18:04.751 [Test worker] INFO  manager.ListenerWD - Method method----alert
19:18:04.752 [Test worker] INFO  manager.ListenerWD - **********
19:18:04.752 [Test worker] INFO  manager.ListenerWD - InvocationTargetException----java.lang.reflect.InvocationTargetException
19:18:04.753 [Test worker] INFO  manager.ListenerWD - **********
19:18:04.756 [Test worker] INFO  manager.ListenerWD - InvocationTargetException----org.openqa.selenium.NoAlertPresentException: no such alert
  (Session info: chrome=112.0.5615.138)
Build info: version: '4.7.0', revision: '0a5b49d16f'
System info: os.name: 'Windows 10', os.arch: 'amd64', os.version: '10.0', java.version: '11.0.18'
Driver info: org.openqa.selenium.chrome.ChromeDriver
Command: [171b3a70b78884993573d697d449d2a7, getAlertText {}]
Capabilities {acceptInsecureCerts: false, browserName: chrome, browserVersion: 112.0.5615.138, chrome: {chromedriverVersion: 112.0.5615.49 (bd2a7bcb881c..., userDataDir: C:\Program Files (x86)\scop...}, goog:chromeOptions: {debuggerAddress: localhost:61341}, networkConnectionEnabled: false, pageLoadStrategy: normal, platformName: WINDOWS, proxy: Proxy(), se:cdp: ws://localhost:61341/devtoo..., se:cdpVersion: 112.0.5615.138, setWindowRect: true, strictFileInteractability: false, timeouts: {implicit: 0, pageLoad: 300000, script: 30000}, unhandledPromptBehavior: dismiss and notify, webauthn:extension:credBlob: true, webauthn:extension:largeBlob: true, webauthn:extension:minPinLength: true, webauthn:extension:prf: true, webauthn:virtualAuthenticators: true}
Session ID: 171b3a70b78884993573d697d449d2a7
19:18:04.757 [Test worker] INFO  manager.ListenerWD - **********
19:18:04.767 [Test worker] INFO  manager.ListenerWD - Screen error is---src/test/screenshots/screen1253.png
19:18:05.331 [Test worker] INFO  manager.ListenerWD - Huston, we have a problem
19:18:05.331 [Test worker] INFO  manager.ListenerWD - Object target---org.openqa.selenium.remote.RemoteWebDriver$RemoteTargetLocator@3e05586b
19:18:05.332 [Test worker] INFO  manager.ListenerWD - **********
19:18:05.332 [Test worker] INFO  manager.ListenerWD - Method method----alert
19:18:05.332 [Test worker] INFO  manager.ListenerWD - **********
19:18:05.332 [Test worker] INFO  manager.ListenerWD - InvocationTargetException----java.lang.reflect.InvocationTargetException
19:18:05.332 [Test worker] INFO  manager.ListenerWD - **********
19:18:05.333 [Test worker] INFO  manager.ListenerWD - InvocationTargetException----org.openqa.selenium.NoAlertPresentException: no such alert
  (Session info: chrome=112.0.5615.138)
Build info: version: '4.7.0', revision: '0a5b49d16f'
System info: os.name: 'Windows 10', os.arch: 'amd64', os.version: '10.0', java.version: '11.0.18'
Driver info: org.openqa.selenium.chrome.ChromeDriver
Command: [171b3a70b78884993573d697d449d2a7, getAlertText {}]
Capabilities {acceptInsecureCerts: false, browserName: chrome, browserVersion: 112.0.5615.138, chrome: {chromedriverVersion: 112.0.5615.49 (bd2a7bcb881c..., userDataDir: C:\Program Files (x86)\scop...}, goog:chromeOptions: {debuggerAddress: localhost:61341}, networkConnectionEnabled: false, pageLoadStrategy: normal, platformName: WINDOWS, proxy: Proxy(), se:cdp: ws://localhost:61341/devtoo..., se:cdpVersion: 112.0.5615.138, setWindowRect: true, strictFileInteractability: false, timeouts: {implicit: 0, pageLoad: 300000, script: 30000}, unhandledPromptBehavior: dismiss and notify, webauthn:extension:credBlob: true, webauthn:extension:largeBlob: true, webauthn:extension:minPinLength: true, webauthn:extension:prf: true, webauthn:virtualAuthenticators: true}
Session ID: 171b3a70b78884993573d697d449d2a7
19:18:05.334 [Test worker] INFO  manager.ListenerWD - **********
19:18:05.336 [Test worker] INFO  manager.ListenerWD - Screen error is---src/test/screenshots/screen1653.png
