18:52:25.285 [Test worker] INFO  manager.ApplicationManager - All tests run in Chrome
18:52:27.020 [Test worker] INFO  manager.ApplicationManager - The link--->https://telranedu.web.app/home
18:52:27.077 [Test worker] INFO  tests.TestBase - Name of methodregistrationWrongPassword
18:52:27.087 [Test worker] INFO  manager.ListenerWD - Before FindElementS --- By.xpath: //button[text()='Sign Out']
18:52:32.159 [Test worker] INFO  manager.ListenerWD - After FindElement---By.xpath: //button[text()='Sign Out']
18:52:32.163 [Test worker] INFO  manager.ListenerWD - List of elements 0
18:52:32.177 [Test worker] INFO  tests.TestBase - Tests run with data: --->User{, email='pop@gmail.com', password='pop12345$'}
18:52:32.179 [Test worker] INFO  manager.ListenerWD - Before FindElement --- By.cssSelector: a[href='/login']
18:52:32.221 [Test worker] INFO  manager.ListenerWD - After FindElement---By.cssSelector: a[href='/login']
18:52:32.238 [Test worker] INFO  manager.ListenerWD - Location of element---(1426, 34)
18:52:32.340 [Test worker] INFO  manager.ListenerWD - Before FindElement --- By.name: email
18:52:32.403 [Test worker] INFO  manager.ListenerWD - After FindElement---By.name: email
18:52:32.416 [Test worker] INFO  manager.ListenerWD - Location of element---(568, 250)
18:52:32.637 [Test worker] INFO  manager.ListenerWD - Before FindElement --- By.xpath: //input[last()]
18:52:32.672 [Test worker] INFO  manager.ListenerWD - After FindElement---By.xpath: //input[last()]
18:52:32.693 [Test worker] INFO  manager.ListenerWD - Location of element---(568, 320)
18:52:32.867 [Test worker] INFO  manager.ListenerWD - Before FindElement --- By.xpath: //button[text()='Registration']
18:52:32.897 [Test worker] INFO  manager.ListenerWD - After FindElement---By.xpath: //button[text()='Registration']
18:52:32.909 [Test worker] INFO  manager.ListenerWD - Location of element---(818, 390)
18:52:32.992 [Test worker] INFO  manager.ListenerWD - Huston, we have a problem
18:52:32.993 [Test worker] INFO  manager.ListenerWD - Object target---org.openqa.selenium.remote.RemoteWebDriver$RemoteTargetLocator@1e79d43
18:52:32.993 [Test worker] INFO  manager.ListenerWD - **********
18:52:32.993 [Test worker] INFO  manager.ListenerWD - Method method----alert
18:52:32.993 [Test worker] INFO  manager.ListenerWD - **********
18:52:32.994 [Test worker] INFO  manager.ListenerWD - InvocationTargetException----java.lang.reflect.InvocationTargetException
18:52:32.994 [Test worker] INFO  manager.ListenerWD - **********
18:52:32.997 [Test worker] INFO  manager.ListenerWD - InvocationTargetException----org.openqa.selenium.NoAlertPresentException: no such alert
  (Session info: chrome=112.0.5615.138)
Build info: version: '4.7.0', revision: '0a5b49d16f'
System info: os.name: 'Windows 10', os.arch: 'amd64', os.version: '10.0', java.version: '11.0.18'
Driver info: org.openqa.selenium.chrome.ChromeDriver
Command: [33b7d356f947293f298fb8b4e21f0833, getAlertText {}]
Capabilities {acceptInsecureCerts: false, browserName: chrome, browserVersion: 112.0.5615.138, chrome: {chromedriverVersion: 112.0.5615.49 (bd2a7bcb881c..., userDataDir: C:\Program Files (x86)\scop...}, goog:chromeOptions: {debuggerAddress: localhost:59750}, networkConnectionEnabled: false, pageLoadStrategy: normal, platformName: WINDOWS, proxy: Proxy(), se:cdp: ws://localhost:59750/devtoo..., se:cdpVersion: 112.0.5615.138, setWindowRect: true, strictFileInteractability: false, timeouts: {implicit: 0, pageLoad: 300000, script: 30000}, unhandledPromptBehavior: dismiss and notify, webauthn:extension:credBlob: true, webauthn:extension:largeBlob: true, webauthn:extension:minPinLength: true, webauthn:extension:prf: true, webauthn:virtualAuthenticators: true}
Session ID: 33b7d356f947293f298fb8b4e21f0833
18:52:32.999 [Test worker] INFO  manager.ListenerWD - **********
18:52:33.005 [Test worker] INFO  manager.ListenerWD - Screen error is---src/test/screenshots/screen1052.png
18:52:33.531 [Test worker] INFO  manager.ListenerWD - Huston, we have a problem
18:52:33.532 [Test worker] INFO  manager.ListenerWD - Object target---org.openqa.selenium.remote.RemoteWebDriver$RemoteTargetLocator@1727e03a
18:52:33.532 [Test worker] INFO  manager.ListenerWD - **********
18:52:33.532 [Test worker] INFO  manager.ListenerWD - Method method----alert
18:52:33.532 [Test worker] INFO  manager.ListenerWD - **********
18:52:33.532 [Test worker] INFO  manager.ListenerWD - InvocationTargetException----java.lang.reflect.InvocationTargetException
18:52:33.533 [Test worker] INFO  manager.ListenerWD - **********
18:52:33.533 [Test worker] INFO  manager.ListenerWD - InvocationTargetException----org.openqa.selenium.NoAlertPresentException: no such alert
  (Session info: chrome=112.0.5615.138)
Build info: version: '4.7.0', revision: '0a5b49d16f'
System info: os.name: 'Windows 10', os.arch: 'amd64', os.version: '10.0', java.version: '11.0.18'
Driver info: org.openqa.selenium.chrome.ChromeDriver
Command: [33b7d356f947293f298fb8b4e21f0833, getAlertText {}]
Capabilities {acceptInsecureCerts: false, browserName: chrome, browserVersion: 112.0.5615.138, chrome: {chromedriverVersion: 112.0.5615.49 (bd2a7bcb881c..., userDataDir: C:\Program Files (x86)\scop...}, goog:chromeOptions: {debuggerAddress: localhost:59750}, networkConnectionEnabled: false, pageLoadStrategy: normal, platformName: WINDOWS, proxy: Proxy(), se:cdp: ws://localhost:59750/devtoo..., se:cdpVersion: 112.0.5615.138, setWindowRect: true, strictFileInteractability: false, timeouts: {implicit: 0, pageLoad: 300000, script: 30000}, unhandledPromptBehavior: dismiss and notify, webauthn:extension:credBlob: true, webauthn:extension:largeBlob: true, webauthn:extension:minPinLength: true, webauthn:extension:prf: true, webauthn:virtualAuthenticators: true}
Session ID: 33b7d356f947293f298fb8b4e21f0833
18:52:33.534 [Test worker] INFO  manager.ListenerWD - **********
18:52:33.534 [Test worker] INFO  manager.ListenerWD - Screen error is---src/test/screenshots/screen1357.png
