19:17:01.443 [Test worker] INFO  manager.ApplicationManager - All tests run in Chrome
19:17:03.736 [Test worker] INFO  manager.ApplicationManager - The link--->https://telranedu.web.app/home
19:17:03.794 [Test worker] INFO  tests.TestBase - Name of methodregistrationWrongPassword
19:17:03.798 [Test worker] INFO  manager.ListenerWD - Before FindElementS --- By.xpath: //button[text()='Sign Out']
19:17:08.838 [Test worker] INFO  manager.ListenerWD - After FindElement---By.xpath: //button[text()='Sign Out']
19:17:08.842 [Test worker] INFO  manager.ListenerWD - List of elements 0
19:17:08.858 [Test worker] INFO  tests.TestBase - Tests run with data: --->User{, email='pop@gmail.com', password='pop12345$'}
19:17:08.859 [Test worker] INFO  manager.ListenerWD - Before FindElement --- By.cssSelector: a[href='/login']
19:17:08.908 [Test worker] INFO  manager.ListenerWD - After FindElement---By.cssSelector: a[href='/login']
19:17:08.933 [Test worker] INFO  manager.ListenerWD - Location of element---(1426, 34)
19:17:09.015 [Test worker] INFO  manager.ListenerWD - Before FindElement --- By.name: email
19:17:09.057 [Test worker] INFO  manager.ListenerWD - After FindElement---By.name: email
19:17:09.084 [Test worker] INFO  manager.ListenerWD - Location of element---(568, 250)
19:17:09.365 [Test worker] INFO  manager.ListenerWD - Before FindElement --- By.xpath: //input[last()]
19:17:09.397 [Test worker] INFO  manager.ListenerWD - After FindElement---By.xpath: //input[last()]
19:17:09.419 [Test worker] INFO  manager.ListenerWD - Location of element---(568, 320)
19:17:09.605 [Test worker] INFO  manager.ListenerWD - Before FindElement --- By.xpath: //button[text()='Registration']
19:17:09.635 [Test worker] INFO  manager.ListenerWD - After FindElement---By.xpath: //button[text()='Registration']
19:17:09.647 [Test worker] INFO  manager.ListenerWD - Location of element---(818, 390)
19:17:09.729 [Test worker] INFO  manager.ListenerWD - Huston, we have a problem
19:17:09.729 [Test worker] INFO  manager.ListenerWD - Object target---org.openqa.selenium.remote.RemoteWebDriver$RemoteTargetLocator@79696332
19:17:09.730 [Test worker] INFO  manager.ListenerWD - **********
19:17:09.730 [Test worker] INFO  manager.ListenerWD - Method method----alert
19:17:09.730 [Test worker] INFO  manager.ListenerWD - **********
19:17:09.731 [Test worker] INFO  manager.ListenerWD - InvocationTargetException----java.lang.reflect.InvocationTargetException
19:17:09.731 [Test worker] INFO  manager.ListenerWD - **********
19:17:09.738 [Test worker] INFO  manager.ListenerWD - InvocationTargetException----org.openqa.selenium.NoAlertPresentException: no such alert
  (Session info: chrome=112.0.5615.138)
Build info: version: '4.7.0', revision: '0a5b49d16f'
System info: os.name: 'Windows 10', os.arch: 'amd64', os.version: '10.0', java.version: '11.0.18'
Driver info: org.openqa.selenium.chrome.ChromeDriver
Command: [637ea27e9d898ede72185f6e479b7548, getAlertText {}]
Capabilities {acceptInsecureCerts: false, browserName: chrome, browserVersion: 112.0.5615.138, chrome: {chromedriverVersion: 112.0.5615.49 (bd2a7bcb881c..., userDataDir: C:\Program Files (x86)\scop...}, goog:chromeOptions: {debuggerAddress: localhost:61254}, networkConnectionEnabled: false, pageLoadStrategy: normal, platformName: WINDOWS, proxy: Proxy(), se:cdp: ws://localhost:61254/devtoo..., se:cdpVersion: 112.0.5615.138, setWindowRect: true, strictFileInteractability: false, timeouts: {implicit: 0, pageLoad: 300000, script: 30000}, unhandledPromptBehavior: dismiss and notify, webauthn:extension:credBlob: true, webauthn:extension:largeBlob: true, webauthn:extension:minPinLength: true, webauthn:extension:prf: true, webauthn:virtualAuthenticators: true}
Session ID: 637ea27e9d898ede72185f6e479b7548
19:17:09.742 [Test worker] INFO  manager.ListenerWD - **********
19:17:09.748 [Test worker] INFO  manager.ListenerWD - Screen error is---src/test/screenshots/screen1347.png
19:17:10.285 [Test worker] INFO  manager.ListenerWD - Huston, we have a problem
19:17:10.286 [Test worker] INFO  manager.ListenerWD - Object target---org.openqa.selenium.remote.RemoteWebDriver$RemoteTargetLocator@2703d91
19:17:10.286 [Test worker] INFO  manager.ListenerWD - **********
19:17:10.286 [Test worker] INFO  manager.ListenerWD - Method method----alert
19:17:10.286 [Test worker] INFO  manager.ListenerWD - **********
19:17:10.287 [Test worker] INFO  manager.ListenerWD - InvocationTargetException----java.lang.reflect.InvocationTargetException
19:17:10.287 [Test worker] INFO  manager.ListenerWD - **********
19:17:10.288 [Test worker] INFO  manager.ListenerWD - InvocationTargetException----org.openqa.selenium.NoAlertPresentException: no such alert
  (Session info: chrome=112.0.5615.138)
Build info: version: '4.7.0', revision: '0a5b49d16f'
System info: os.name: 'Windows 10', os.arch: 'amd64', os.version: '10.0', java.version: '11.0.18'
Driver info: org.openqa.selenium.chrome.ChromeDriver
Command: [637ea27e9d898ede72185f6e479b7548, getAlertText {}]
Capabilities {acceptInsecureCerts: false, browserName: chrome, browserVersion: 112.0.5615.138, chrome: {chromedriverVersion: 112.0.5615.49 (bd2a7bcb881c..., userDataDir: C:\Program Files (x86)\scop...}, goog:chromeOptions: {debuggerAddress: localhost:61254}, networkConnectionEnabled: false, pageLoadStrategy: normal, platformName: WINDOWS, proxy: Proxy(), se:cdp: ws://localhost:61254/devtoo..., se:cdpVersion: 112.0.5615.138, setWindowRect: true, strictFileInteractability: false, timeouts: {implicit: 0, pageLoad: 300000, script: 30000}, unhandledPromptBehavior: dismiss and notify, webauthn:extension:credBlob: true, webauthn:extension:largeBlob: true, webauthn:extension:minPinLength: true, webauthn:extension:prf: true, webauthn:virtualAuthenticators: true}
Session ID: 637ea27e9d898ede72185f6e479b7548
19:17:10.288 [Test worker] INFO  manager.ListenerWD - **********
19:17:10.288 [Test worker] INFO  manager.ListenerWD - Screen error is---src/test/screenshots/screen1244.png
